Flutter crash report.
Please report a bug at https://github.com/flutter/flutter/issues.

## command

flutter --no-color create --template module --description A new Flutter project. --org com.example anyone_around

## exception

FileSystemException: FileSystemException: Failed to decode data using encoding 'utf-8', path = '/Volumes/T7/flutter/packages/flutter_tools/templates/module/android/library_new_embedding/Flutter.tmpl/._build.gradle.tmpl'

```
#0      _File._tryDecode (dart:io/file_impl.dart:564:7)
#1      _File.readAsStringSync (dart:io/file_impl.dart:584:7)
#2      ForwardingFile.readAsStringSync (package:file/src/forwarding/forwarding_file.dart:96:16)
#3      ErrorHandlingFile.readAsStringSync.<anonymous closure> (package:flutter_tools/src/base/error_handling_io.dart:221:22)
#4      _runSync (package:flutter_tools/src/base/error_handling_io.dart:573:14)
#5      ErrorHandlingFile.readAsStringSync (package:flutter_tools/src/base/error_handling_io.dart:220:12)
#6      Template.render.<anonymous closure> (package:flutter_tools/src/template.dart:262:52)
#7      _LinkedHashMapMixin.forEach (dart:collection-patch/compact_hash.dart:397:8)
#8      Template.render (package:flutter_tools/src/template.dart:199:24)
#9      AndroidProject._overwriteFromTemplate (package:flutter_tools/src/project.dart:971:14)
<asynchronous suspension>
#10     AndroidProject._regenerateLibrary (package:flutter_tools/src/project.dart:954:5)
<asynchronous suspension>
#11     AndroidProject.ensureReadyForPlatformSpecificTooling (package:flutter_tools/src/project.dart:928:7)
<asynchronous suspension>
#12     FlutterProject.ensureReadyForPlatformSpecificTooling (package:flutter_tools/src/project.dart:302:7)
<asynchronous suspension>
#13     CreateCommand._generateModule (package:flutter_tools/src/commands/create.dart:355:7)
<asynchronous suspension>
#14     CreateCommand.runCommand (package:flutter_tools/src/commands/create.dart:268:31)
<asynchronous suspension>
#15     FlutterCommand.run.<anonymous closure> (package:flutter_tools/src/runner/flutter_command.dart:1043:27)
<asynchronous suspension>
#16     AppContext.run.<anonymous closure> (package:flutter_tools/src/base/context.dart:150:19)
<asynchronous suspension>
#17     CommandRunner.runCommand (package:args/command_runner.dart:196:13)
<asynchronous suspension>
#18     FlutterCommandRunner.runCommand.<anonymous closure> (package:flutter_tools/src/runner/flutter_command_runner.dart:284:9)
<asynchronous suspension>
#19     AppContext.run.<anonymous closure> (package:flutter_tools/src/base/context.dart:150:19)
<asynchronous suspension>
#20     FlutterCommandRunner.runCommand (package:flutter_tools/src/runner/flutter_command_runner.dart:232:5)
<asynchronous suspension>
#21     run.<anonymous closure>.<anonymous closure> (package:flutter_tools/runner.dart:62:9)
<asynchronous suspension>
#22     AppContext.run.<anonymous closure> (package:flutter_tools/src/base/context.dart:150:19)
<asynchronous suspension>
#23     main (package:flutter_tools/executable.dart:91:3)
<asynchronous suspension>
```

## flutter doctor

```
[✓] Flutter (Channel stable, 2.2.3, on macOS 11.4 20F71 darwin-arm, locale en-US)
    • Flutter version 2.2.3 at /Volumes/T7/flutter
    • Framework revision f4abaa0735 (11 days ago), 2021-07-01 12:46:11 -0700
    • Engine revision 241c87ad80
    • Dart version 2.13.4

[✗] Android toolchain - develop for Android devices
    ✗ Unable to locate Android SDK.
      Install Android Studio from: https://developer.android.com/studio/index.html
      On first launch it will assist you in installing the Android SDK components.
      (or visit https://flutter.dev/docs/get-started/install/macos#android-setup for detailed instructions).
      If the Android SDK has been installed to a custom location, please use
      `flutter config --android-sdk` to update to that location.


[✓] Xcode - develop for iOS and macOS
    • Xcode at /Applications/Xcode.app/Contents/Developer
    • Xcode 12.5.1, Build version 12E507
    • CocoaPods version 1.10.1

[✓] Chrome - develop for the web
    • Chrome at /Applications/Google Chrome.app/Contents/MacOS/Google Chrome

[✓] Android Studio (version 4.2)
    • Android Studio at /Applications/Android Studio.app/Contents
    • Flutter plugin can be installed from:
      🔨 https://plugins.jetbrains.com/plugin/9212-flutter
    • Dart plugin can be installed from:
      🔨 https://plugins.jetbrains.com/plugin/6351-dart
    • Java version OpenJDK Runtime Environment (build 11.0.8+10-b944.6916264)

[!] Android Studio
    • Android Studio at /Library/Android/sdk/Contents
    • Flutter plugin can be installed from:
      🔨 https://plugins.jetbrains.com/plugin/9212-flutter
    • Dart plugin can be installed from:
      🔨 https://plugins.jetbrains.com/plugin/6351-dart
    ✗ Android Studio not found at /Library/Android/sdk/Contents
    • Try updating or re-installing Android Studio.

[✓] Connected device (1 available)
    • Chrome (web) • chrome • web-javascript • Google Chrome 91.0.4472.114

! Doctor found issues in 2 categories.
```
